androidGeoBot/androidGeoBot/app/build/intermediates/manifest_merge_blame_file/debug/manifest-merger-blame-debug-report.txt
1<?xml version="1.0" encoding="utf-8"?>
2<manifest xmlns:android="http://schemas.android.com/apk/res/android"
3    package="com.example.androidgeobot"
4    android:versionCode="1"
5    android:versionName="1.0" >
6
7    <uses-sdk
8        android:minSdkVersion="21"
8-->src\main\AndroidManifest.xml
9        android:targetSdkVersion="30" />
9-->src\main\AndroidManifest.xml
10
11    <uses-permission android:name="android.permission.WAKE_LOCK" />
11-->src\main\AndroidManifest.xml:36:5-68
11-->src\main\AndroidManifest.xml:36:22-65
12    <uses-permission android:name="android.permission.ACCESS_NETWORK_STATE" />
12-->src\main\AndroidManifest.xml:37:5-79
12-->src\main\AndroidManifest.xml:37:22-76
13    <uses-permission android:name="android.permission.INTERNET" />
13-->src\main\AndroidManifest.xml:38:5-67
13-->src\main\AndroidManifest.xml:38:22-64
14    <uses-permission android:name="android.permission.READ_PHONE_STATE" />
14-->src\main\AndroidManifest.xml:39:5-75
14-->src\main\AndroidManifest.xml:39:22-72
15
16    <application
16-->src\main\AndroidManifest.xml:5:5-33:19
17        android:allowBackup="true"
17-->src\main\AndroidManifest.xml:6:9-35
18        android:appComponentFactory="androidx.core.app.CoreComponentFactory"
18-->[androidx.core:core:1.3.1] AndroidManifest.xml:24:18-86
19        android:debuggable="true"
20        android:icon="@mipmap/ic_launcher"
20-->src\main\AndroidManifest.xml:7:9-43
21        android:label="@string/app_name"
21-->src\main\AndroidManifest.xml:8:9-41
22        android:roundIcon="@mipmap/ic_launcher_round"
22-->src\main\AndroidManifest.xml:9:9-54
23        android:supportsRtl="true"
23-->src\main\AndroidManifest.xml:10:9-35
24        android:testOnly="true"
25        android:theme="@style/Theme.AndroidGeoBot" >
25-->src\main\AndroidManifest.xml:11:9-51
26        <activity android:name="com.example.androidgeobot.MainActivity" >
26-->src\main\AndroidManifest.xml:12:9-18:20
26-->src\main\AndroidManifest.xml:12:19-47
27            <intent-filter>
27-->src\main\AndroidManifest.xml:13:13-17:29
28                <action android:name="android.intent.action.MAIN" />
28-->src\main\AndroidManifest.xml:14:17-69
28-->src\main\AndroidManifest.xml:14:25-66
29
30                <category android:name="android.intent.category.LAUNCHER" />
30-->src\main\AndroidManifest.xml:16:17-77
30-->src\main\AndroidManifest.xml:16:27-74
31            </intent-filter>
32        </activity>
33        <activity android:name="com.example.androidgeobot.ManualActivity" />
33-->src\main\AndroidManifest.xml:19:9-52
33-->src\main\AndroidManifest.xml:19:19-49
34        <activity
34-->src\main\AndroidManifest.xml:20:9-21:57
35            android:name="com.example.androidgeobot.HelpActivity"
35-->src\main\AndroidManifest.xml:20:19-47
36            android:parentActivityName="com.example.androidgeobot.MainActivity" />
36-->src\main\AndroidManifest.xml:21:13-55
37        <activity android:name="com.example.androidgeobot.AutoActivity" />
37-->src\main\AndroidManifest.xml:22:9-50
37-->src\main\AndroidManifest.xml:22:19-47
38        <activity android:name="com.example.androidgeobot.MapsActivity" />
38-->src\main\AndroidManifest.xml:23:9-59
38-->src\main\AndroidManifest.xml:23:19-47
39
40        <service android:name="org.eclipse.paho.android.service.MqttService" >
40-->src\main\AndroidManifest.xml:26:9-27:19
40-->src\main\AndroidManifest.xml:26:18-77
41        </service>
42
43        <meta-data
43-->src\main\AndroidManifest.xml:30:9-32:57
44            android:name="preloaded_fonts"
44-->src\main\AndroidManifest.xml:31:13-43
45            android:resource="@array/preloaded_fonts" />
45-->src\main\AndroidManifest.xml:32:13-54
46    </application>
47
48</manifest>